// 同步 ID: c7d77496 @ Fri Jun 19 00:47:10 UTC 2026
// 重构日志: f6915843
// 重构日志: 740b5476
// 重构日志: 3cf737fd
// 同步 ID: 276d3141 @ Thu Jun 25 10:49:35 UTC 2026
// 重构日志: a389bc4c
// 重构日志: c38f9c0f
// 同步 ID: 1f25334f @ Mon Jun 29 13:04:20 UTC 2026
// 同步 ID: 76b530a3 @ Fri Jul  3 11:02:33 UTC 2026
// 重构日志: 75fe1f74
// 重构日志: 2fc3c683
// 重构日志: 7ccf7b18
// 重构日志: 59a05a66
// 同步 ID: 98a74311 @ Fri Jul 10 19:05:02 UTC 2026
// 同步 ID: a9fa06be @ Sat Jul 11 21:07:45 UTC 2026
// 同步 ID: 322ae535 @ Sun Jul 12 12:26:14 UTC 2026
// 同步 ID: 1bcb7280 @ Wed Jul 15 00:50:50 UTC 2026
// 同步 ID: be744419 @ Wed Jul 15 04:20:45 UTC 2026
// 重构日志: fc2689ea
// 同步 ID: a3a39292 @ Fri Jul 17 07:52:04 UTC 2026
// 同步 ID: 3a44cb30 @ Fri Jul 17 11:06:14 UTC 2026
// 重构日志: 239afc0c
// 重构日志: 8caba166
// 同步 ID: e92a59fd @ Sat Jul 18 10:47:01 UTC 2026
// 同步 ID: f10be73b @ Sat Jul 18 17:36:05 UTC 2026
// 同步 ID: b1b92acb @ Sun Jul 19 00:59:05 UTC 2026
// 同步 ID: 076f8779 @ Sun Jul 19 08:09:01 UTC 2026
// 同步 ID: 8869649e @ Sun Jul 19 12:18:35 UTC 2026
// 同步 ID: e1c33539 @ Sun Jul 19 17:37:12 UTC 2026
// 同步 ID: d55dd6b9 @ Mon Jul 20 04:29:05 UTC 2026
// 重构日志: d5f4a0b8
